
=== 时间轴（共 20 镜头, 总时长 02:51.127）===
  01. 1-1         0.00s +10.05s  subs=2
  02. 补1-2       10.05s + 6.06s  subs=0
  03. 1-3        16.11s +10.05s  subs=0
  04. 1-4        26.17s +10.05s  subs=0
  05. 2-5        36.22s +10.05s  subs=2
  06. 补2-6       46.28s + 4.06s  subs=1
  07. 2-7        50.34s +10.05s  subs=2
  08. 2-8        60.39s +10.05s  subs=2
  09. 2-9        70.45s +10.05s  subs=3
  10. 3-10       80.50s +10.05s  subs=0
  11. 3-11       90.55s +10.05s  subs=2
  12. 补3-12     100.61s + 5.06s  subs=2
  13. 3-13      105.67s +12.05s  subs=4
  14. 3-14      117.72s +10.05s  subs=2
  15. 补3-15-1   127.78s +10.05s  subs=3
  16. 补3-15-2   137.83s + 4.06s  subs=1
  17. 4-16      141.89s +10.05s  subs=1
  18. 补4-17     151.95s + 5.06s  subs=1
  19. 补4-18     157.01s + 9.06s  subs=1
  20. 4-19      166.06s + 5.06s  subs=2

=== 统一规格（缩放/帧率/编码）===
  ✓ 1-1
  ✓ 补1-2
  ✓ 1-3
  ✓ 1-4
  ✓ 2-5
  ✓ 补2-6
  ✓ 2-7
  ✓ 2-8
  ✓ 2-9
  ✓ 3-10
  ✓ 3-11
  ✓ 补3-12
  ✓ 3-13
  ✓ 3-14
  ✓ 补3-15-1
  ✓ 补3-15-2
  ✓ 4-16
  ✓ 补4-17
  ✓ 补4-18
  ✓ 4-19
  ✓ 拼接 -> base.mp4  (02:51.213)
  ✓ 字幕事件 31 条 + 人物卡 5 张 -> subs.ass
  · 仅原生音频（无 BGM）

=== 烧录字幕 + 输出成片 ===

✅ 成片输出: E:\AIGC工作站\49_群羊的低语_蒙眼剪辑实验\05_成片\群羊的低语_第一幕_AI蒙眼剪辑_v1.mp4
   时长 02:51.200  规格 1440x1080@30
